Started GET "/balloons" for ::1 at 2020-08-22 22:08:02 +0900
  [1m[35m (1.9ms)[0m  [1m[34mSELECT sqlite_version(*)[0m
  
ActionController::RoutingError (No route matches [GET] "/balloons"):
  
actionpack (6.0.3.2) lib/action_dispatch/middleware/debug_exceptions.rb:36:in `call'
web-console (4.0.4) lib/web_console/middleware.rb:132:in `call_app'
web-console (4.0.4) lib/web_console/middleware.rb:28:in `block in call'
web-console (4.0.4) lib/web_console/middleware.rb:17:in `catch'
web-console (4.0.4) lib/web_console/middleware.rb:17:in `call'
actionpack (6.0.3.2) lib/action_dispatch/middleware/show_exceptions.rb:33:in `call'
railties (6.0.3.2) lib/rails/rack/logger.rb:37:in `call_app'
railties (6.0.3.2) lib/rails/rack/logger.rb:26:in `block in call'
activesupport (6.0.3.2) lib/active_support/tagged_logging.rb:80:in `block in tagged'
activesupport (6.0.3.2) lib/active_support/tagged_logging.rb:28:in `tagged'
activesupport (6.0.3.2) lib/active_support/tagged_logging.rb:80:in `tagged'
railties (6.0.3.2) lib/rails/rack/logger.rb:26:in `call'
sprockets-rails (3.2.1) lib/sprockets/rails/quiet_assets.rb:13:in `call'
actionpack (6.0.3.2) lib/action_dispatch/middleware/remote_ip.rb:81:in `call'
actionpack (6.0.3.2) lib/action_dispatch/middleware/request_id.rb:27:in `call'
rack (2.2.3) lib/rack/method_override.rb:24:in `call'
rack (2.2.3) lib/rack/runtime.rb:22:in `call'
activesupport (6.0.3.2) lib/active_support/cache/strategy/local_cache_middleware.rb:29:in `call'
actionpack (6.0.3.2) lib/action_dispatch/middleware/executor.rb:14:in `call'
actionpack (6.0.3.2) lib/action_dispatch/middleware/static.rb:126:in `call'
rack (2.2.3) lib/rack/sendfile.rb:110:in `call'
actionpack (6.0.3.2) lib/action_dispatch/middleware/host_authorization.rb:82:in `call'
webpacker (4.3.0) lib/webpacker/dev_server_proxy.rb:23:in `perform_request'
rack-proxy (0.6.5) lib/rack/proxy.rb:57:in `call'
railties (6.0.3.2) lib/rails/engine.rb:527:in `call'
puma (4.3.5) lib/puma/configuration.rb:228:in `call'
puma (4.3.5) lib/puma/server.rb:713:in `handle_request'
puma (4.3.5) lib/puma/server.rb:472:in `process_client'
puma (4.3.5) lib/puma/server.rb:328:in `block in run'
puma (4.3.5) lib/puma/thread_pool.rb:134:in `block in spawn_thread'
Started GET "/" for ::1 at 2020-08-22 22:08:06 +0900
Processing by Rails::WelcomeController#index as HTML
  Rendering vendor/bundler/ruby/2.7.0/gems/railties-6.0.3.2/lib/rails/templates/rails/welcome/index.html.erb
  Rendered vendor/bundler/ruby/2.7.0/gems/railties-6.0.3.2/lib/rails/templates/rails/welcome/index.html.erb (Duration: 5.1ms | Allocations: 185)
Completed 200 OK in 7ms (Views: 5.8ms | ActiveRecord: 0.0ms | Allocations: 864)


  [1m[35m (0.3ms)[0m  [1m[34mSELECT sqlite_version(*)[0m
  [1m[35m (5.0ms)[0m  [1m[35mCREATE TABLE "schema_migrations" ("version" varchar NOT NULL PRIMARY KEY)[0m
  [1m[35m (1.1ms)[0m  [1m[35mCREATE TABLE "ar_internal_metadata" ("key" varchar NOT NULL PRIMARY KEY, "value" varchar, "created_at" datetime(6) NOT NULL, "updated_at" datetime(6) NOT NULL)[0m
  [1m[35m (0.2ms)[0m  [1m[34mSELECT "schema_migrations"."version" FROM "schema_migrations" ORDER BY "schema_migrations"."version" ASC[0m
Migrating to DeviseCreateUsers (20200822131039)
  [1m[35m (0.1ms)[0m  [1m[36mbegin transaction[0m
  [1m[35m (0.9ms)[0m  [1m[35mCREATE TABLE "users" ("id" integer PRIMARY KEY AUTOINCREMENT NOT NULL, "email" varchar DEFAULT '' NOT NULL, "encrypted_password" varchar DEFAULT '' NOT NULL, "reset_password_token" varchar, "reset_password_sent_at" datetime, "remember_created_at" datetime, "created_at" datetime(6) NOT NULL, "updated_at" datetime(6) NOT NULL)[0m
  [1m[35m (0.1ms)[0m  [1m[35mCREATE UNIQUE INDEX "index_users_on_email" ON "users" ("email")[0m
  [1m[35m (0.1ms)[0m  [1m[35mCREATE UNIQUE INDEX "index_users_on_reset_password_token" ON "users" ("reset_password_token")[0m
  [1m[36mprimary::SchemaMigration Create (0.1ms)[0m  [1m[32mINSERT INTO "schema_migrations" ("version") VALUES (?)[0m  [["version", "20200822131039"]]
  [1m[35m (1.1ms)[0m  [1m[36mcommit transaction[0m
  [1m[36mActiveRecord::InternalMetadata Load (0.1ms)[0m  [1m[34mSELECT "ar_internal_metadata".* FROM "ar_internal_metadata" WHERE "ar_internal_metadata"."key" = ? LIMIT ?[0m  [["key", "environment"], ["LIMIT", 1]]
  [1m[35m (0.0ms)[0m  [1m[36mbegin transaction[0m
  [1m[36mActiveRecord::InternalMetadata Create (0.3ms)[0m  [1m[32mINSERT INTO "ar_internal_metadata" ("key", "value", "created_at", "updated_at") VALUES (?, ?, ?, ?)[0m  [["key", "environment"], ["value", "development"], ["created_at", "2020-08-22 13:10:52.128270"], ["updated_at", "2020-08-22 13:10:52.128270"]]
  [1m[35m (0.8ms)[0m  [1m[36mcommit transaction[0m
  [1m[35m (0.0ms)[0m  [1m[34mSELECT sqlite_version(*)[0m
  [1m[35m (0.1ms)[0m  [1m[34mSELECT "schema_migrations"."version" FROM "schema_migrations" ORDER BY "schema_migrations"."version" ASC[0m
Started GET "/users/sign_up" for ::1 at 2020-08-22 22:11:15 +0900
  [1m[35m (0.5ms)[0m  [1m[34mSELECT sqlite_version(*)[0m
  [1m[35m (0.2ms)[0m  [1m[34mSELECT "schema_migrations"."version" FROM "schema_migrations" ORDER BY "schema_migrations"."version" ASC[0m
Processing by Devise::RegistrationsController#new as HTML
  Rendering devise/registrations/new.html.erb within layouts/application
  Rendered devise/shared/_error_messages.html.erb (Duration: 0.3ms | Allocations: 200)
  Rendered devise/shared/_links.html.erb (Duration: 0.9ms | Allocations: 515)
  Rendered devise/registrations/new.html.erb within layouts/application (Duration: 19.8ms | Allocations: 7481)
[Webpacker] Compiling...
[Webpacker] Compiled all packs in /Users/sawasickimac/Desktop/balloonmail/public/packs
[Webpacker] Hash: 83233949a2f44e57ae52
Version: webpack 4.44.1
Time: 1058ms
Built at: 2020/08/22 22:11:17
                                     Asset       Size       Chunks                         Chunk Names
    js/application-cd9baa997ab2a6e5febb.js   70.9 KiB  application  [emitted] [immutable]  application
js/application-cd9baa997ab2a6e5febb.js.map   80.2 KiB  application  [emitted] [dev]        application
                             manifest.json  364 bytes               [emitted]              
Entrypoint application = js/application-cd9baa997ab2a6e5febb.js js/application-cd9baa997ab2a6e5febb.js.map
[./app/javascript/channels sync recursive _channel\.js$] ./app/javascript/channels sync _channel\.js$ 160 bytes {application} [built]
[./app/javascript/channels/index.js] 211 bytes {application} [built]
[./app/javascript/packs/application.js] 717 bytes {application} [built]
[./node_modules/webpack/buildin/module.js] (webpack)/buildin/module.js 552 bytes {application} [built]
    + 2 hidden modules

Completed 200 OK in 2452ms (Views: 2438.9ms | ActiveRecord: 0.5ms | Allocations: 31197)


  [1m[35m (0.3ms)[0m  [1m[34mSELECT sqlite_version(*)[0m
  [1m[35m (0.1ms)[0m  [1m[34mSELECT "schema_migrations"."version" FROM "schema_migrations" ORDER BY "schema_migrations"."version" ASC[0m
Migrating to AddColumnToUser (20200822131152)
  [1m[35m (0.1ms)[0m  [1m[36mbegin transaction[0m
  [1m[35m (0.3ms)[0m  [1m[35mALTER TABLE "users" ADD "username" varchar[0m
  [1m[35m (0.1ms)[0m  [1m[35mCREATE UNIQUE INDEX "index_users_on_username" ON "users" ("username")[0m
  [1m[36mprimary::SchemaMigration Create (0.1ms)[0m  [1m[32mINSERT INTO "schema_migrations" ("version") VALUES (?)[0m  [["version", "20200822131152"]]
  [1m[35m (1.2ms)[0m  [1m[36mcommit transaction[0m
Migrating to DeleteEmailIdUniqIndexFromUsers (20200822131324)
  [1m[35m (0.0ms)[0m  [1m[36mbegin transaction[0m
  [1m[35m (0.3ms)[0m  [1m[35mDROP INDEX "index_users_on_email"[0m
  [1m[35m (0.1ms)[0m  [1m[35mCREATE  INDEX "index_users_on_email" ON "users" ("email")[0m
  [1m[36mprimary::SchemaMigration Create (0.2ms)[0m  [1m[32mINSERT INTO "schema_migrations" ("version") VALUES (?)[0m  [["version", "20200822131324"]]
  [1m[35m (1.0ms)[0m  [1m[36mcommit transaction[0m
  [1m[36mActiveRecord::InternalMetadata Load (0.1ms)[0m  [1m[34mSELECT "ar_internal_metadata".* FROM "ar_internal_metadata" WHERE "ar_internal_metadata"."key" = ? LIMIT ?[0m  [["key", "environment"], ["LIMIT", 1]]
  [1m[35m (0.1ms)[0m  [1m[34mSELECT sqlite_version(*)[0m
  [1m[35m (0.1ms)[0m  [1m[34mSELECT "schema_migrations"."version" FROM "schema_migrations" ORDER BY "schema_migrations"."version" ASC[0m
Started GET "/users/sign_up" for ::1 at 2020-08-22 22:16:20 +0900
  [1m[35m (0.1ms)[0m  [1m[34mSELECT sqlite_version(*)[0m
  [1m[35m (0.2ms)[0m  [1m[34mSELECT "schema_migrations"."version" FROM "schema_migrations" ORDER BY "schema_migrations"."version" ASC[0m
Processing by Devise::RegistrationsController#new as HTML
  Rendering devise/registrations/new.html.erb within layouts/application
  Rendered devise/shared/_error_messages.html.erb (Duration: 0.3ms | Allocations: 198)
  Rendered devise/shared/_links.html.erb (Duration: 0.6ms | Allocations: 483)
  Rendered devise/registrations/new.html.erb within layouts/application (Duration: 3.7ms | Allocations: 2331)
[Webpacker] Everything's up-to-date. Nothing to do
Completed 200 OK in 24ms (Views: 12.8ms | ActiveRecord: 0.8ms | Allocations: 13335)


  [1m[35m (0.3ms)[0m  [1m[34mSELECT sqlite_version(*)[0m
  [1m[35m (0.1ms)[0m  [1m[34mSELECT "schema_migrations"."version" FROM "schema_migrations" ORDER BY "schema_migrations"."version" ASC[0m
Migrating to CreateBalloons (20200822133551)
  [1m[35m (0.0ms)[0m  [1m[36mbegin transaction[0m
  [1m[35m (0.3ms)[0m  [1m[35mCREATE TABLE "balloons" ("id" integer PRIMARY KEY AUTOINCREMENT NOT NULL, "user_id" integer NOT NULL, "title" text, "content" text NOT NULL, "date" datetime NOT NULL, "paperType" integer NOT NULL, "created_at" datetime(6) NOT NULL, "updated_at" datetime(6) NOT NULL)[0m
  [1m[36mprimary::SchemaMigration Create (0.1ms)[0m  [1m[32mINSERT INTO "schema_migrations" ("version") VALUES (?)[0m  [["version", "20200822133551"]]
  [1m[35m (1.0ms)[0m  [1m[36mcommit transaction[0m
Migrating to CreateBookmarks (20200822133609)
  [1m[35m (0.0ms)[0m  [1m[36mbegin transaction[0m
  [1m[35m (0.3ms)[0m  [1m[35mCREATE TABLE "bookmarks" ("id" integer PRIMARY KEY AUTOINCREMENT NOT NULL, "user_id" integer, "balloon_id" integer, "created_at" datetime(6) NOT NULL, "updated_at" datetime(6) NOT NULL)[0m
  [1m[36mprimary::SchemaMigration Create (0.1ms)[0m  [1m[32mINSERT INTO "schema_migrations" ("version") VALUES (?)[0m  [["version", "20200822133609"]]
  [1m[35m (1.0ms)[0m  [1m[36mcommit transaction[0m
  [1m[36mActiveRecord::InternalMetadata Load (0.1ms)[0m  [1m[34mSELECT "ar_internal_metadata".* FROM "ar_internal_metadata" WHERE "ar_internal_metadata"."key" = ? LIMIT ?[0m  [["key", "environment"], ["LIMIT", 1]]
  [1m[35m (0.0ms)[0m  [1m[34mSELECT sqlite_version(*)[0m
  [1m[35m (0.1ms)[0m  [1m[34mSELECT "schema_migrations"."version" FROM "schema_migrations" ORDER BY "schema_migrations"."version" ASC[0m
Started GET "/users/sign_up" for ::1 at 2020-08-22 23:00:26 +0900
  [1m[35m (0.9ms)[0m  [1m[34mSELECT sqlite_version(*)[0m
  [1m[35m (0.3ms)[0m  [1m[34mSELECT "schema_migrations"."version" FROM "schema_migrations" ORDER BY "schema_migrations"."version" ASC[0m
Processing by Users::RegistrationsController#new as HTML
  Rendering devise/registrations/new.html.erb within layouts/application
  Rendered devise/shared/_error_messages.html.erb (Duration: 11.5ms | Allocations: 200)
  Rendered devise/shared/_links.html.erb (Duration: 15.7ms | Allocations: 538)
  Rendered devise/registrations/new.html.erb within layouts/application (Duration: 373.3ms | Allocations: 45999)
[Webpacker] Everything's up-to-date. Nothing to do
Completed 200 OK in 446ms (Views: 431.9ms | ActiveRecord: 0.5ms | Allocations: 61595)


Started GET "/" for ::1 at 2020-08-22 23:00:31 +0900
Processing by BalloonsController#index as HTML
  Rendering balloons/index.html.erb within layouts/application
  Rendered balloons/index.html.erb within layouts/application (Duration: 15.7ms | Allocations: 5976)
[Webpacker] Everything's up-to-date. Nothing to do
Completed 200 OK in 23ms (Views: 22.2ms | ActiveRecord: 0.0ms | Allocations: 10322)


Started GET "/users/sign_in" for ::1 at 2020-08-22 23:00:40 +0900
Processing by Users::SessionsController#new as HTML
  Rendering devise/sessions/new.html.erb within layouts/application
  Rendered devise/shared/_error_messages.html.erb (Duration: 0.0ms | Allocations: 15)
  Rendered devise/shared/_links.html.erb (Duration: 0.5ms | Allocations: 215)
  Rendered devise/sessions/new.html.erb within layouts/application (Duration: 33.7ms | Allocations: 3117)
[Webpacker] Everything's up-to-date. Nothing to do
Completed 200 OK in 42ms (Views: 41.1ms | ActiveRecord: 0.0ms | Allocations: 8750)


Started GET "/users/sign_in" for ::1 at 2020-08-22 23:01:20 +0900
Processing by Users::SessionsController#new as HTML
  Rendering devise/sessions/new.html.erb within layouts/application
  Rendered devise/shared/_error_messages.html.erb (Duration: 0.0ms | Allocations: 15)
  Rendered devise/shared/_links.html.erb (Duration: 0.2ms | Allocations: 146)
  Rendered devise/sessions/new.html.erb within layouts/application (Duration: 2.8ms | Allocations: 2238)
[Webpacker] Everything's up-to-date. Nothing to do
Completed 200 OK in 9ms (Views: 8.3ms | ActiveRecord: 0.0ms | Allocations: 6422)


Started GET "/users/sign_in" for ::1 at 2020-08-22 23:01:21 +0900
Processing by Users::SessionsController#new as HTML
  Rendering devise/sessions/new.html.erb within layouts/application
  Rendered devise/shared/_error_messages.html.erb (Duration: 0.0ms | Allocations: 15)
  Rendered devise/shared/_links.html.erb (Duration: 0.2ms | Allocations: 146)
  Rendered devise/sessions/new.html.erb within layouts/application (Duration: 2.7ms | Allocations: 2232)
[Webpacker] Everything's up-to-date. Nothing to do
Completed 200 OK in 9ms (Views: 8.3ms | ActiveRecord: 0.0ms | Allocations: 6438)


Started GET "/users/sign_in" for ::1 at 2020-08-22 23:12:37 +0900
  [1m[35m (0.3ms)[0m  [1m[34mSELECT sqlite_version(*)[0m
  [1m[35m (0.2ms)[0m  [1m[34mSELECT "schema_migrations"."version" FROM "schema_migrations" ORDER BY "schema_migrations"."version" ASC[0m
Processing by Users::SessionsController#new as HTML
  Rendering devise/sessions/new.html.erb within layouts/application
  Rendered devise/shared/_error_messages.html.erb (Duration: 0.5ms | Allocations: 200)
  Rendered devise/shared/_links.html.erb (Duration: 1.0ms | Allocations: 626)
  Rendered devise/sessions/new.html.erb within layouts/application (Duration: 24.9ms | Allocations: 15312)
[Webpacker] Everything's up-to-date. Nothing to do
Completed 200 OK in 53ms (Views: 39.8ms | ActiveRecord: 0.4ms | Allocations: 29140)


Started GET "/users/sign_up" for ::1 at 2020-08-22 23:13:12 +0900
Processing by Users::RegistrationsController#new as HTML
  Rendering devise/registrations/new.html.erb within layouts/application
  Rendered devise/shared/_error_messages.html.erb (Duration: 0.0ms | Allocations: 15)
  Rendered devise/shared/_links.html.erb (Duration: 0.2ms | Allocations: 126)
  Rendered devise/registrations/new.html.erb within layouts/application (Duration: 3.4ms | Allocations: 2427)
[Webpacker] Everything's up-to-date. Nothing to do
Completed 200 OK in 12ms (Views: 11.1ms | ActiveRecord: 0.0ms | Allocations: 7979)


Started POST "/users" for ::1 at 2020-08-22 23:13:20 +0900
Processing by Users::RegistrationsController#create as HTML
  Parameters: {"authenticity_token"=>"ID9RC04fXZHcWo6EEzRJtIUFBJuUdVFhiNMx8rpHyVUtqJt8Kejb4b5bZ0VpECLB3N+w2HZ29/ohn06ifUbyoA==", "user"=>{"username"=>"sample", "password"=>"[FILTERED]", "password_confirmation"=>"[FILTERED]"}, "commit"=>"登録"}
  [1m[35m (0.1ms)[0m  [1m[36mbegin transaction[0m
  [1m[36mUser Exists? (2.1ms)[0m  [1m[34mSELECT 1 AS one FROM "users" WHERE "users"."username" = ? LIMIT ?[0m  [["username", "sample"], ["LIMIT", 1]]
  [1m[36mUser Create (11.1ms)[0m  [1m[32mINSERT INTO "users" ("encrypted_password", "created_at", "updated_at", "username") VALUES (?, ?, ?, ?)[0m  [["encrypted_password", "$2a$12$42Ncb.5HXX7sAQI9FBq/SupvmJE.lFMVwXasKPBAaLsBrFZ6ooqHe"], ["created_at", "2020-08-22 23:13:20.928038"], ["updated_at", "2020-08-22 23:13:20.928038"], ["username", "sample"]]
  [1m[35m (4.6ms)[0m  [1m[36mcommit transaction[0m
Redirected to http://localhost:3000/balloons/index
Completed 302 Found in 292ms (ActiveRecord: 17.8ms | Allocations: 10444)


Started GET "/balloons/index" for ::1 at 2020-08-22 23:13:20 +0900
Processing by BalloonsController#index as HTML
  Rendering balloons/index.html.erb within layouts/application
  [1m[36mUser Load (0.3ms)[0m  [1m[34mSELECT "users".* FROM "users" WHERE "users"."id" = ? ORDER BY "users"."id" ASC LIMIT ?[0m  [["id", 1], ["LIMIT", 1]]
  ↳ app/views/balloons/index.html.erb:6
  Rendered balloons/index.html.erb within layouts/application (Duration: 9.1ms | Allocations: 6733)
[Webpacker] Everything's up-to-date. Nothing to do
Completed 200 OK in 22ms (Views: 20.9ms | ActiveRecord: 0.3ms | Allocations: 14799)


Started POST "/balloons/new" for ::1 at 2020-08-22 23:13:25 +0900
Processing by BalloonsController#new as HTML
  Parameters: {"authenticity_token"=>"iZvOBzJ/+StFnXGfe6sWmrvA+KJWaDLtrV5RbK7fIVGEDARwVYh/WyecmF4Bj33v4hpM4bRrlHYEEi48ad4apA==", "paperType"=>"2"}
  [1m[36mUser Load (0.1ms)[0m  [1m[34mSELECT "users".* FROM "users" WHERE "users"."id" = ? ORDER BY "users"."id" ASC LIMIT ?[0m  [["id", 1], ["LIMIT", 1]]
Completed 500 Internal Server Error in 6ms (ActiveRecord: 0.1ms | Allocations: 4425)


  
NoMethodError (undefined method `balloons' for #<User:0x00007ffa7dd09d80>):
  
app/controllers/balloons_controller.rb:19:in `new'
Started POST "/balloons/new" for ::1 at 2020-08-22 23:15:14 +0900
  [1m[35m (0.1ms)[0m  [1m[34mSELECT sqlite_version(*)[0m
Processing by BalloonsController#new as HTML
  Parameters: {"authenticity_token"=>"iZvOBzJ/+StFnXGfe6sWmrvA+KJWaDLtrV5RbK7fIVGEDARwVYh/WyecmF4Bj33v4hpM4bRrlHYEEi48ad4apA==", "paperType"=>"2"}
  [1m[36mUser Load (0.1ms)[0m  [1m[34mSELECT "users".* FROM "users" WHERE "users"."id" = ? ORDER BY "users"."id" ASC LIMIT ?[0m  [["id", 1], ["LIMIT", 1]]
  [1m[35m (0.1ms)[0m  [1m[36mbegin transaction[0m
  ↳ app/controllers/balloons_controller.rb:26:in `new'
  [1m[36mBalloon Create (0.3ms)[0m  [1m[32mINSERT INTO "balloons" ("user_id", "title", "content", "date", "paperType", "created_at", "updated_at") VALUES (?, ?, ?, ?, ?, ?, ?)[0m  [["user_id", 1], ["title", "tmp"], ["content", "tmp"], ["date", "2020-08-22 23:15:14.908591"], ["paperType", 2], ["created_at", "2020-08-22 23:15:14.928988"], ["updated_at", "2020-08-22 23:15:14.928988"]]
  ↳ app/controllers/balloons_controller.rb:26:in `new'
  [1m[35m (0.9ms)[0m  [1m[36mcommit transaction[0m
  ↳ app/controllers/balloons_controller.rb:26:in `new'
  Rendering balloons/new.html.erb within layouts/application
  Rendered balloons/new.html.erb within layouts/application (Duration: 53.8ms | Allocations: 8038)
[Webpacker] Everything's up-to-date. Nothing to do
Completed 200 OK in 128ms (Views: 73.6ms | ActiveRecord: 2.3ms | Allocations: 39089)


Started GET "/balloons" for ::1 at 2020-08-22 23:15:22 +0900
Processing by BalloonsController#index as HTML
  Rendering balloons/index.html.erb within layouts/application
  [1m[36mUser Load (0.1ms)[0m  [1m[34mSELECT "users".* FROM "users" WHERE "users"."id" = ? ORDER BY "users"."id" ASC LIMIT ?[0m  [["id", 1], ["LIMIT", 1]]
  ↳ app/views/balloons/index.html.erb:6
  Rendered balloons/index.html.erb within layouts/application (Duration: 7.5ms | Allocations: 5950)
[Webpacker] Everything's up-to-date. Nothing to do
Completed 200 OK in 18ms (Views: 17.3ms | ActiveRecord: 0.1ms | Allocations: 13139)


Started GET "/balloons/show" for ::1 at 2020-08-22 23:15:22 +0900
Processing by BalloonsController#show as HTML
  [1m[36mUser Load (0.1ms)[0m  [1m[34mSELECT "users".* FROM "users" WHERE "users"."id" = ? ORDER BY "users"."id" ASC LIMIT ?[0m  [["id", 1], ["LIMIT", 1]]
  [1m[35m (0.1ms)[0m  [1m[34mSELECT COUNT(*) FROM "balloons"[0m
  ↳ app/controllers/balloons_controller.rb:9:in `show'
  [1m[36mBalloon Load (0.2ms)[0m  [1m[34mSELECT "balloons".* FROM "balloons" WHERE "balloons"."id" = ? LIMIT ?[0m  [["id", 1], ["LIMIT", 1]]
  ↳ app/controllers/balloons_controller.rb:10:in `show'
  Rendering balloons/show.html.erb within layouts/application
  Rendered balloons/show.html.erb within layouts/application (Duration: 106.4ms | Allocations: 5235)
[Webpacker] Everything's up-to-date. Nothing to do
Completed 200 OK in 134ms (Views: 117.1ms | ActiveRecord: 0.4ms | Allocations: 15474)


Started GET "/bookmarks" for ::1 at 2020-08-22 23:15:26 +0900
Processing by BookmarksController#index as HTML
  [1m[36mUser Load (0.1ms)[0m  [1m[34mSELECT "users".* FROM "users" WHERE "users"."id" = ? ORDER BY "users"."id" ASC LIMIT ?[0m  [["id", 1], ["LIMIT", 1]]
  Rendering bookmarks/index.html.erb within layouts/application
  [1m[36mBalloon Load (0.2ms)[0m  [1m[34mSELECT "balloons".* FROM "balloons" INNER JOIN "bookmarks" ON "balloons"."id" = "bookmarks"."balloon_id" WHERE "bookmarks"."user_id" = ?[0m  [["user_id", 1]]
  ↳ app/views/bookmarks/index.html.erb:5
  Rendered bookmarks/index.html.erb within layouts/application (Duration: 14.4ms | Allocations: 7083)
[Webpacker] Everything's up-to-date. Nothing to do
Completed 200 OK in 33ms (Views: 25.5ms | ActiveRecord: 0.6ms | Allocations: 18627)


Started GET "/balloons" for ::1 at 2020-08-22 23:15:28 +0900
Processing by BalloonsController#index as HTML
  Rendering balloons/index.html.erb within layouts/application
  [1m[36mUser Load (0.1ms)[0m  [1m[34mSELECT "users".* FROM "users" WHERE "users"."id" = ? ORDER BY "users"."id" ASC LIMIT ?[0m  [["id", 1], ["LIMIT", 1]]
  ↳ app/views/balloons/index.html.erb:6
  Rendered balloons/index.html.erb within layouts/application (Duration: 6.3ms | Allocations: 5395)
[Webpacker] Everything's up-to-date. Nothing to do
Completed 200 OK in 19ms (Views: 18.8ms | ActiveRecord: 0.1ms | Allocations: 12614)


Started GET "/balloons/show" for ::1 at 2020-08-22 23:15:29 +0900
Processing by BalloonsController#show as HTML
  [1m[36mUser Load (0.1ms)[0m  [1m[34mSELECT "users".* FROM "users" WHERE "users"."id" = ? ORDER BY "users"."id" ASC LIMIT ?[0m  [["id", 1], ["LIMIT", 1]]
  [1m[35m (0.1ms)[0m  [1m[34mSELECT COUNT(*) FROM "balloons"[0m
  ↳ app/controllers/balloons_controller.rb:9:in `show'
  [1m[36mBalloon Load (0.1ms)[0m  [1m[34mSELECT "balloons".* FROM "balloons" WHERE "balloons"."id" = ? LIMIT ?[0m  [["id", 1], ["LIMIT", 1]]
  ↳ app/controllers/balloons_controller.rb:10:in `show'
  Rendering balloons/show.html.erb within layouts/application
  Rendered balloons/show.html.erb within layouts/application (Duration: 1.7ms | Allocations: 1423)
[Webpacker] Everything's up-to-date. Nothing to do
Completed 200 OK in 15ms (Views: 9.9ms | ActiveRecord: 0.4ms | Allocations: 11583)


Started GET "/bookmarks" for ::1 at 2020-08-22 23:15:31 +0900
Processing by BookmarksController#index as HTML
  [1m[36mUser Load (0.2ms)[0m  [1m[34mSELECT "users".* FROM "users" WHERE "users"."id" = ? ORDER BY "users"."id" ASC LIMIT ?[0m  [["id", 1], ["LIMIT", 1]]
  Rendering bookmarks/index.html.erb within layouts/application
  [1m[36mBalloon Load (0.1ms)[0m  [1m[34mSELECT "balloons".* FROM "balloons" INNER JOIN "bookmarks" ON "balloons"."id" = "bookmarks"."balloon_id" WHERE "bookmarks"."user_id" = ?[0m  [["user_id", 1]]
  ↳ app/views/bookmarks/index.html.erb:5
  Rendered bookmarks/index.html.erb within layouts/application (Duration: 2.4ms | Allocations: 1943)
[Webpacker] Everything's up-to-date. Nothing to do
Completed 200 OK in 14ms (Views: 10.9ms | ActiveRecord: 0.3ms | Allocations: 10848)


Started GET "/balloons" for ::1 at 2020-08-22 23:15:33 +0900
Processing by BalloonsController#index as HTML
  Rendering balloons/index.html.erb within layouts/application
  [1m[36mUser Load (0.1ms)[0m  [1m[34mSELECT "users".* FROM "users" WHERE "users"."id" = ? ORDER BY "users"."id" ASC LIMIT ?[0m  [["id", 1], ["LIMIT", 1]]
  ↳ app/views/balloons/index.html.erb:6
  Rendered balloons/index.html.erb within layouts/application (Duration: 6.2ms | Allocations: 5392)
[Webpacker] Everything's up-to-date. Nothing to do
Completed 200 OK in 16ms (Views: 15.6ms | ActiveRecord: 0.1ms | Allocations: 12579)


